<?xml version="1.0" encoding="UTF-8"?>
<!-- Generated by org.testng.reporters.JUnitReportReporter -->
<testsuite hostname="IBS-LAP-324" failures="0" tests="2" name="com.ui.tests.LoginTest" time="22.941" errors="0" timestamp="2025-02-22T19:43:58 IST" skipped="0">
  <testcase classname="com.ui.tests.LoginTest" name="loginTest" time="12.404"/>
  <testcase classname="com.ui.tests.LoginTest" name="loginTest" time="10.537"/>
</testsuite> <!-- com.ui.tests.LoginTest -->
